{"level":"info","message":"server is now listening on port 4000","timestamp":"2022-07-15T13:29:58.895Z"}
{"level":"info","message":"server is now listening on port 4000","timestamp":"2022-07-15T13:38:57.022Z"}
{"level":"info","message":"server is now listening on port 4000","timestamp":"2022-07-15T13:39:45.754Z"}
{"level":"info","message":"server is now listening on port 4000","timestamp":"2022-07-15T13:40:49.801Z"}
{"level":"info","message":"server is now listening on port 4000","timestamp":"2022-07-15T13:41:28.091Z"}
{"level":"info","message":"server is now listening on port 4000","timestamp":"2022-07-15T13:42:26.849Z"}
{"level":"info","message":"server is now listening on port 4000","timestamp":"2022-07-15T13:42:54.927Z"}
{"level":"info","message":"server is now listening on port 4000","timestamp":"2022-07-15T13:43:17.916Z"}
{"level":"info","message":"server is now listening on port 4000","timestamp":"2022-07-15T13:43:49.060Z"}
{"level":"info","message":"server is now listening on port 4000","timestamp":"2022-07-16T11:59:03.846Z"}
{"level":"info","message":"server is now listening on port 4000","timestamp":"2022-07-17T06:34:59.537Z"}
{"level":"info","message":"server is now listening on port 4000","timestamp":"2022-07-17T07:37:59.235Z"}
{"level":"info","message":"server is now listening on port 4000","timestamp":"2022-07-17T07:39:02.388Z"}
{"level":"info","message":"server is now listening on port 4000","timestamp":"2022-07-17T07:39:05.341Z"}
{"level":"info","message":"server is now listening on port 4000","timestamp":"2022-07-17T08:23:20.139Z"}
{"level":"info","message":"server is now listening on port 4000","timestamp":"2022-07-17T08:23:26.238Z"}
{"level":"info","message":"server is now listening on port 4000","timestamp":"2022-07-17T08:26:57.648Z"}
{"level":"info","message":"server is now listening on port 4000","timestamp":"2022-07-17T08:31:20.510Z"}
{"level":"info","message":"server is now listening on port 4000","timestamp":"2022-07-17T08:33:48.179Z"}
{"level":"info","message":"server is now listening on port 4000","timestamp":"2022-07-17T08:34:01.275Z"}
{"level":"info","message":"server is now listening on port 4000","timestamp":"2022-07-17T08:34:08.349Z"}
{"level":"info","message":"server is now listening on port 4000","timestamp":"2022-07-17T08:34:14.477Z"}
{"level":"info","message":"server is now listening on port 4000","timestamp":"2022-07-17T08:34:22.983Z"}
{"level":"info","message":"server is now listening on port 4000","timestamp":"2022-07-17T08:34:36.441Z"}
{"level":"info","message":"server is now listening on port 4000","timestamp":"2022-07-17T08:35:47.771Z"}
{"level":"info","message":"server is now listening on port 4000","timestamp":"2022-07-17T08:36:27.870Z"}
{"level":"info","message":"server is now listening on port 4000","timestamp":"2022-07-17T08:37:15.206Z"}
{"level":"info","message":"server is now listening on port 4000","timestamp":"2022-07-17T08:37:50.554Z"}
{"level":"info","message":"server is now listening on port 4000","timestamp":"2022-07-17T08:39:45.569Z"}
{"level":"info","message":"server is now listening on port 4000","timestamp":"2022-07-17T08:41:09.103Z"}
{"level":"info","message":"server is now listening on port 4000","timestamp":"2022-07-17T08:41:51.228Z"}
{"level":"info","message":"server is now listening on port 4000","timestamp":"2022-07-17T08:45:12.618Z"}
{"level":"info","message":"server is now listening on port 4000","timestamp":"2022-07-17T08:47:26.827Z"}
{"level":"info","message":"server is now listening on port 4000","timestamp":"2022-07-17T08:47:46.509Z"}
{"level":"info","message":"server is now listening on port 4000","timestamp":"2022-07-17T08:48:04.357Z"}
{"level":"info","message":"server is now listening on port 4000","timestamp":"2022-07-17T08:49:30.945Z"}
{"level":"info","message":"server is now listening on port 4000","timestamp":"2022-07-17T08:49:43.613Z"}
{"level":"info","message":"server is now listening on port 4000","timestamp":"2022-07-17T08:50:26.833Z"}
{"level":"info","message":"server is now listening on port 4000","timestamp":"2022-07-17T08:53:22.905Z"}
{"level":"info","message":"server is now listening on port 4000","timestamp":"2022-07-17T08:54:08.602Z"}
{"level":"info","message":"server is now listening on port 4000","timestamp":"2022-07-17T08:55:04.302Z"}
{"level":"info","message":"server is now listening on port 4000","timestamp":"2022-07-17T08:59:37.763Z"}
{"level":"info","message":"server is now listening on port 4000","timestamp":"2022-07-17T09:00:18.969Z"}
{"level":"info","message":"server is now listening on port 4000","timestamp":"2022-07-17T09:01:32.035Z"}
{"level":"info","message":"server is now listening on port 4000","timestamp":"2022-07-17T09:04:09.997Z"}
{"level":"info","message":"server is now listening on port 4000","timestamp":"2022-07-17T09:06:10.012Z"}
{"level":"info","message":"server is now listening on port 4000","timestamp":"2022-07-17T09:06:20.207Z"}
{"level":"info","message":"server is now listening on port 4000","timestamp":"2022-07-17T09:07:43.095Z"}
{"level":"info","message":"server is now listening on port 4000","timestamp":"2022-07-17T09:08:50.007Z"}
{"level":"info","message":"server is now listening on port 4000","timestamp":"2022-07-17T09:09:42.523Z"}
{"level":"info","message":"server is now listening on port 4000","timestamp":"2022-07-17T09:10:19.917Z"}
{"level":"info","message":"server is now listening on port 4000","timestamp":"2022-07-17T09:10:34.076Z"}
{"level":"info","message":"server is now listening on port 4000","timestamp":"2022-07-17T09:15:14.491Z"}
{"level":"info","message":"server is now listening on port 4000","timestamp":"2022-07-17T09:16:29.122Z"}
{"level":"info","message":"server is now listening on port 4000","timestamp":"2022-07-17T09:17:27.060Z"}
{"level":"info","message":"server is now listening on port 4000","timestamp":"2022-07-17T09:18:35.312Z"}
{"level":"info","message":"server is now listening on port 4000","timestamp":"2022-07-17T09:20:25.051Z"}
{"level":"info","message":"server is now listening on port 4000","timestamp":"2022-07-17T09:21:27.830Z"}
{"level":"info","message":"server is now listening on port 4000","timestamp":"2022-07-17T09:22:23.214Z"}
{"level":"info","message":"server is now listening on port 4000","timestamp":"2022-07-17T09:22:38.723Z"}
{"level":"info","message":"server is now listening on port 4000","timestamp":"2022-07-17T09:22:40.709Z"}
{"level":"info","message":"server is now listening on port 4000","timestamp":"2022-07-17T09:23:09.297Z"}
{"level":"info","message":"server is now listening on port 4000","timestamp":"2022-07-17T09:33:36.736Z"}
{"level":"info","message":"server is now listening on port 4000","timestamp":"2022-07-17T09:33:43.767Z"}
{"level":"info","message":"server is now listening on port 4000","timestamp":"2022-07-17T09:33:47.274Z"}
{"level":"info","message":"server is now listening on port 4000","timestamp":"2022-07-17T09:34:13.286Z"}
{"level":"info","message":"server is now listening on port 4000","timestamp":"2022-07-17T09:36:26.904Z"}
{"level":"info","message":"server is now listening on port 4000","timestamp":"2022-07-17T09:37:17.362Z"}
{"level":"info","message":"server is now listening on port 4000","timestamp":"2022-07-17T09:38:04.118Z"}
{"level":"info","message":"server is now listening on port 4000","timestamp":"2022-07-17T09:38:58.558Z"}
{"level":"info","message":"server is now listening on port 4000","timestamp":"2022-07-17T09:39:17.708Z"}
{"level":"info","message":"server is now listening on port 4000","timestamp":"2022-07-17T09:39:23.084Z"}
{"level":"info","message":"server is now listening on port 4000","timestamp":"2022-07-17T09:40:42.340Z"}
{"level":"info","message":"server is now listening on port 4000","timestamp":"2022-07-17T09:41:10.522Z"}
{"level":"info","message":"server is now listening on port 4000","timestamp":"2022-07-17T09:41:36.905Z"}
{"level":"info","message":"server is now listening on port 4000","timestamp":"2022-07-17T09:42:34.296Z"}
{"level":"info","message":"server is now listening on port 4000","timestamp":"2022-07-17T09:43:03.287Z"}
{"level":"info","message":"server is now listening on port 4000","timestamp":"2022-07-17T09:44:52.828Z"}
{"level":"info","message":"server is now listening on port 4000","timestamp":"2022-07-17T09:45:50.420Z"}
{"level":"info","message":"server is now listening on port 4000","timestamp":"2022-07-17T09:46:59.996Z"}
{"level":"info","message":"server is now listening on port 4000","timestamp":"2022-07-17T09:49:43.653Z"}
{"level":"info","message":"server is now listening on port 4000","timestamp":"2022-07-17T09:50:01.204Z"}
{"level":"info","message":"server is now listening on port 4000","timestamp":"2022-07-17T09:50:42.238Z"}
{"level":"info","message":"server is now listening on port 4000","timestamp":"2022-07-17T09:50:57.448Z"}
{"level":"info","message":"server is now listening on port 4000","timestamp":"2022-07-17T09:51:28.230Z"}
{"level":"info","message":"server is now listening on port 4000","timestamp":"2022-07-17T09:53:38.068Z"}
{"level":"info","message":"server is now listening on port 4000","timestamp":"2022-07-17T09:54:07.128Z"}
{"level":"info","message":"server is now listening on port 4000","timestamp":"2022-07-17T09:54:19.731Z"}
{"level":"info","message":"server is now listening on port 4000","timestamp":"2022-07-17T10:25:29.487Z"}
{"level":"info","message":"server is now listening on port 4000","timestamp":"2022-07-17T10:31:09.183Z"}
{"level":"info","message":"server is now listening on port 4000","timestamp":"2022-07-17T10:33:03.057Z"}
{"level":"info","message":"server is now listening on port 4000","timestamp":"2022-07-17T10:33:06.326Z"}
{"level":"info","message":"server is now listening on port 4000","timestamp":"2022-07-17T10:33:32.424Z"}
{"level":"info","message":"server is now listening on port 4000","timestamp":"2022-07-17T10:37:58.451Z"}
{"level":"info","message":"server is now listening on port 4000","timestamp":"2022-07-17T10:39:03.614Z"}
{"level":"info","message":"server is now listening on port 4000","timestamp":"2022-07-17T10:39:35.997Z"}
{"level":"info","message":"server is now listening on port 4000","timestamp":"2022-07-17T10:53:05.273Z"}
{"level":"info","message":"server is now listening on port 4000","timestamp":"2022-07-17T10:53:34.500Z"}
{"level":"info","message":"server is now listening on port 4000","timestamp":"2022-07-17T10:53:43.579Z"}
{"level":"info","message":"server is now listening on port 4000","timestamp":"2022-07-17T10:55:03.951Z"}
{"level":"info","message":"server is now listening on port 4000","timestamp":"2022-07-17T10:55:51.533Z"}
{"level":"info","message":"server is now listening on port 4000","timestamp":"2022-07-17T10:59:50.836Z"}
{"level":"info","message":"server is now listening on port 4000","timestamp":"2022-07-17T11:05:20.200Z"}
{"level":"info","message":"server is now listening on port 4000","timestamp":"2022-07-17T11:06:08.014Z"}
{"level":"info","message":"server is now listening on port 4000","timestamp":"2022-07-17T11:06:48.873Z"}
{"level":"info","message":"server is now listening on port 4000","timestamp":"2022-07-17T11:07:17.812Z"}
{"level":"info","message":"server is now listening on port 4000","timestamp":"2022-07-17T11:16:40.408Z"}
{"level":"info","message":"server is now listening on port 4000","timestamp":"2022-07-17T11:17:49.129Z"}
{"level":"info","message":"server is now listening on port 4000","timestamp":"2022-07-17T11:19:02.033Z"}
{"level":"info","message":"server is now listening on port 4000","timestamp":"2022-07-17T11:19:31.729Z"}
{"level":"info","message":"server is now listening on port 4000","timestamp":"2022-07-17T11:20:29.707Z"}
{"level":"info","message":"server is now listening on port 4000","timestamp":"2022-07-17T11:31:55.901Z"}
{"level":"info","message":"server is now listening on port 4000","timestamp":"2022-07-17T11:33:21.884Z"}
{"level":"info","message":"server is now listening on port 4000","timestamp":"2022-07-17T11:33:55.837Z"}
{"level":"info","message":"server is now listening on port 4000","timestamp":"2022-07-17T11:34:30.639Z"}
{"level":"info","message":"server is now listening on port 4000","timestamp":"2022-07-17T11:35:09.564Z"}
{"level":"info","message":"server is now listening on port 4000","timestamp":"2022-07-17T11:35:39.377Z"}
{"level":"info","message":"server is now listening on port 4000","timestamp":"2022-07-17T11:37:24.526Z"}
{"level":"info","message":"server is now listening on port 4000","timestamp":"2022-07-17T11:40:03.947Z"}
{"level":"info","message":"server is now listening on port 4000","timestamp":"2022-07-17T11:43:34.544Z"}
{"level":"info","message":"server is now listening on port 4000","timestamp":"2022-07-17T11:44:57.398Z"}
{"level":"info","message":"server is now listening on port 4000","timestamp":"2022-07-17T11:45:16.588Z"}
{"level":"info","message":"server is now listening on port 4000","timestamp":"2022-07-17T11:46:12.297Z"}
{"level":"info","message":"server is now listening on port 4000","timestamp":"2022-07-17T18:31:58.701Z"}
{"level":"info","message":"server is now listening on port 4000","timestamp":"2022-07-17T18:32:05.525Z"}
{"level":"info","message":"server is now listening on port 4000","timestamp":"2022-07-17T18:35:22.923Z"}
{"level":"info","message":"server is now listening on port 4000","timestamp":"2022-07-17T18:40:18.457Z"}
{"level":"info","message":"server is now listening on port 4000","timestamp":"2022-07-17T18:46:39.694Z"}
{"level":"info","message":"server is now listening on port 4000","timestamp":"2022-07-17T19:15:40.329Z"}
{"level":"info","message":"server is now listening on port 4000","timestamp":"2022-07-17T19:16:29.248Z"}
{"level":"error","name":"SequelizeDatabaseError","original":{"code":"42601","file":"scan.l","length":95,"line":"1180","name":"error","position":"511","routine":"scanner_yyerror","severity":"ERROR","sql":"SELECT   \r\nsc.name school_name,\r\nmd.name module_name,\r\nad.mark,\r\n\r\n COUNT(ad.mark) attendance_count,\r\n    CASE \r\n        WHEN ad.mark= 'attended' THEN 'present'\r\n        WHEN ad.mark='not_attended' THEN 'absent'\r\n    END \r\n   \r\nFROM    \r\n    public.attendance ad\r\n INNER JOIN public.sessions ss\r\nON ad.session_id=ss.id\r\nINNER JOIN public.events ev\r\nON ev.id= ss.event_id\r\nINNER JOIN public.modules md\r\nON md.id= ev.module_id\r\nINNER JOIN public.schools sc\r\nON md.school_id= sc.id\r\nWHERE \r\n    sc.id = ?       \r\nGROUP BY \r\n    ad.mark,\r\n\tmd.name,\r\n\tsc.name\r\nORDER BY \r\nmd.name"},"parameters":{},"parent":{"code":"42601","file":"scan.l","length":95,"line":"1180","name":"error","position":"511","routine":"scanner_yyerror","severity":"ERROR","sql":"SELECT   \r\nsc.name school_name,\r\nmd.name module_name,\r\nad.mark,\r\n\r\n COUNT(ad.mark) attendance_count,\r\n    CASE \r\n        WHEN ad.mark= 'attended' THEN 'present'\r\n        WHEN ad.mark='not_attended' THEN 'absent'\r\n    END \r\n   \r\nFROM    \r\n    public.attendance ad\r\n INNER JOIN public.sessions ss\r\nON ad.session_id=ss.id\r\nINNER JOIN public.events ev\r\nON ev.id= ss.event_id\r\nINNER JOIN public.modules md\r\nON md.id= ev.module_id\r\nINNER JOIN public.schools sc\r\nON md.school_id= sc.id\r\nWHERE \r\n    sc.id = ?       \r\nGROUP BY \r\n    ad.mark,\r\n\tmd.name,\r\n\tsc.name\r\nORDER BY \r\nmd.name"},"sql":"SELECT   \r\nsc.name school_name,\r\nmd.name module_name,\r\nad.mark,\r\n\r\n COUNT(ad.mark) attendance_count,\r\n    CASE \r\n        WHEN ad.mark= 'attended' THEN 'present'\r\n        WHEN ad.mark='not_attended' THEN 'absent'\r\n    END \r\n   \r\nFROM    \r\n    public.attendance ad\r\n INNER JOIN public.sessions ss\r\nON ad.session_id=ss.id\r\nINNER JOIN public.events ev\r\nON ev.id= ss.event_id\r\nINNER JOIN public.modules md\r\nON md.id= ev.module_id\r\nINNER JOIN public.schools sc\r\nON md.school_id= sc.id\r\nWHERE \r\n    sc.id = ?       \r\nGROUP BY \r\n    ad.mark,\r\n\tmd.name,\r\n\tsc.name\r\nORDER BY \r\nmd.name","timestamp":"2022-07-17T19:18:00.723Z"}
{"level":"info","message":"server is now listening on port 4000","timestamp":"2022-07-17T19:18:35.567Z"}
{"level":"error","name":"SequelizeDatabaseError","original":{"code":"42601","file":"scan.l","length":95,"line":"1180","name":"error","position":"517","routine":"scanner_yyerror","severity":"ERROR","sql":"SELECT   \r\nsc.name as school_name,\r\nmd.name as module_name,\r\nad.mark,\r\n\r\n COUNT(ad.mark) attendance_count,\r\n    CASE \r\n        WHEN ad.mark= 'attended' THEN 'present'\r\n        WHEN ad.mark='not_attended' THEN 'absent'\r\n    END \r\n   \r\nFROM    \r\n    public.attendance ad\r\n INNER JOIN public.sessions ss\r\nON ad.session_id=ss.id\r\nINNER JOIN public.events ev\r\nON ev.id= ss.event_id\r\nINNER JOIN public.modules md\r\nON md.id= ev.module_id\r\nINNER JOIN public.schools sc\r\nON md.school_id= sc.id\r\nWHERE \r\n    sc.id = ?       \r\nGROUP BY \r\n    ad.mark,\r\n\tmd.name,\r\n\tsc.name\r\nORDER BY \r\nmd.name"},"parameters":{},"parent":{"code":"42601","file":"scan.l","length":95,"line":"1180","name":"error","position":"517","routine":"scanner_yyerror","severity":"ERROR","sql":"SELECT   \r\nsc.name as school_name,\r\nmd.name as module_name,\r\nad.mark,\r\n\r\n COUNT(ad.mark) attendance_count,\r\n    CASE \r\n        WHEN ad.mark= 'attended' THEN 'present'\r\n        WHEN ad.mark='not_attended' THEN 'absent'\r\n    END \r\n   \r\nFROM    \r\n    public.attendance ad\r\n INNER JOIN public.sessions ss\r\nON ad.session_id=ss.id\r\nINNER JOIN public.events ev\r\nON ev.id= ss.event_id\r\nINNER JOIN public.modules md\r\nON md.id= ev.module_id\r\nINNER JOIN public.schools sc\r\nON md.school_id= sc.id\r\nWHERE \r\n    sc.id = ?       \r\nGROUP BY \r\n    ad.mark,\r\n\tmd.name,\r\n\tsc.name\r\nORDER BY \r\nmd.name"},"sql":"SELECT   \r\nsc.name as school_name,\r\nmd.name as module_name,\r\nad.mark,\r\n\r\n COUNT(ad.mark) attendance_count,\r\n    CASE \r\n        WHEN ad.mark= 'attended' THEN 'present'\r\n        WHEN ad.mark='not_attended' THEN 'absent'\r\n    END \r\n   \r\nFROM    \r\n    public.attendance ad\r\n INNER JOIN public.sessions ss\r\nON ad.session_id=ss.id\r\nINNER JOIN public.events ev\r\nON ev.id= ss.event_id\r\nINNER JOIN public.modules md\r\nON md.id= ev.module_id\r\nINNER JOIN public.schools sc\r\nON md.school_id= sc.id\r\nWHERE \r\n    sc.id = ?       \r\nGROUP BY \r\n    ad.mark,\r\n\tmd.name,\r\n\tsc.name\r\nORDER BY \r\nmd.name","timestamp":"2022-07-17T19:18:40.531Z"}
{"level":"info","message":"server is now listening on port 4000","timestamp":"2022-07-17T19:19:23.747Z"}
{"level":"info","message":"server is now listening on port 4000","timestamp":"2022-07-17T19:19:34.997Z"}
{"level":"info","message":"server is now listening on port 4000","timestamp":"2022-07-17T19:20:10.508Z"}
{"level":"info","message":"server is now listening on port 4000","timestamp":"2022-07-17T19:27:53.348Z"}
{"level":"info","message":"server is now listening on port 4000","timestamp":"2022-07-17T19:30:06.428Z"}
{"level":"error","timestamp":"2022-07-17T19:48:36.573Z"}
{"level":"info","message":"server is now listening on port 4000","timestamp":"2022-07-17T19:49:14.424Z"}
{"level":"error","timestamp":"2022-07-17T19:49:17.678Z"}
{"level":"info","message":"server is now listening on port 4000","timestamp":"2022-07-17T19:49:50.417Z"}
{"level":"info","message":"server is now listening on port 4000","timestamp":"2022-07-17T19:53:44.864Z"}
{"level":"info","message":"server is now listening on port 4000","timestamp":"2022-07-17T19:54:01.647Z"}
{"level":"info","message":"server is now listening on port 4000","timestamp":"2022-07-17T19:54:47.930Z"}
{"level":"info","message":"server is now listening on port 4000","timestamp":"2022-07-17T19:54:59.507Z"}
{"level":"info","message":"server is now listening on port 4000","timestamp":"2022-07-17T19:58:49.011Z"}
{"level":"info","message":"server is now listening on port 4000","timestamp":"2022-07-17T19:59:11.114Z"}
{"level":"info","message":"server is now listening on port 4000","timestamp":"2022-07-17T19:59:40.175Z"}
{"level":"info","message":"server is now listening on port 4000","timestamp":"2022-07-17T19:59:57.451Z"}
{"level":"info","message":"server is now listening on port 4000","timestamp":"2022-07-17T20:35:27.260Z"}
{"level":"info","message":"server is now listening on port 4000","timestamp":"2022-07-17T20:38:49.410Z"}
{"level":"info","message":"server is now listening on port 4000","timestamp":"2022-07-17T20:40:11.688Z"}
{"level":"info","message":"server is now listening on port 4000","timestamp":"2022-07-17T20:41:05.995Z"}
{"level":"info","message":"server is now listening on port 4000","timestamp":"2022-07-17T20:42:15.023Z"}
{"level":"error","name":"SequelizeDatabaseError","original":{"code":"42803","file":"parse_agg.c","length":168,"line":"1419","name":"error","position":"29","routine":"check_ungrouped_columns_walker","severity":"ERROR","sql":"SELECT\r\nsc.name,\r\nmd.name,\r\nmd.id module_id,\r\nsc.id school_id,\r\nCOUNT (md.id) attended_count\r\nFROM  public.modules md\r\nINNER JOIN public.schools sc\r\nON md.school_id=sc.id\r\nINNER JOIN public.events ev\r\nON ev.module_id=md.id\r\nINNER JOIN public.sessions ss\r\nON ev.id= ss.event_id\r\nINNER JOIN public.attendance ad\r\nON ad.session_id=ss.id\r\nWHERE ad.mark='attended'\r\nAND md.id='3'\r\nGROUP BY\r\nmd.name,\r\nsc.name\r\nORDER BY md.name"},"parameters":{},"parent":{"code":"42803","file":"parse_agg.c","length":168,"line":"1419","name":"error","position":"29","routine":"check_ungrouped_columns_walker","severity":"ERROR","sql":"SELECT\r\nsc.name,\r\nmd.name,\r\nmd.id module_id,\r\nsc.id school_id,\r\nCOUNT (md.id) attended_count\r\nFROM  public.modules md\r\nINNER JOIN public.schools sc\r\nON md.school_id=sc.id\r\nINNER JOIN public.events ev\r\nON ev.module_id=md.id\r\nINNER JOIN public.sessions ss\r\nON ev.id= ss.event_id\r\nINNER JOIN public.attendance ad\r\nON ad.session_id=ss.id\r\nWHERE ad.mark='attended'\r\nAND md.id='3'\r\nGROUP BY\r\nmd.name,\r\nsc.name\r\nORDER BY md.name"},"sql":"SELECT\r\nsc.name,\r\nmd.name,\r\nmd.id module_id,\r\nsc.id school_id,\r\nCOUNT (md.id) attended_count\r\nFROM  public.modules md\r\nINNER JOIN public.schools sc\r\nON md.school_id=sc.id\r\nINNER JOIN public.events ev\r\nON ev.module_id=md.id\r\nINNER JOIN public.sessions ss\r\nON ev.id= ss.event_id\r\nINNER JOIN public.attendance ad\r\nON ad.session_id=ss.id\r\nWHERE ad.mark='attended'\r\nAND md.id='3'\r\nGROUP BY\r\nmd.name,\r\nsc.name\r\nORDER BY md.name","timestamp":"2022-07-17T20:45:37.570Z"}
{"level":"info","message":"server is now listening on port 4000","timestamp":"2022-07-17T20:46:33.860Z"}
{"level":"info","message":"server is now listening on port 4000","timestamp":"2022-07-17T20:47:11.971Z"}
{"level":"error","name":"SequelizeDatabaseError","original":{"code":"42803","file":"parse_agg.c","length":168,"line":"1419","name":"error","position":"29","routine":"check_ungrouped_columns_walker","severity":"ERROR","sql":"SELECT\r\nsc.name,\r\nmd.name,\r\nmd.id,\r\nCOUNT (md.id) attended_count\r\nFROM  public.modules md\r\nINNER JOIN public.schools sc\r\nON md.school_id=sc.id\r\nINNER JOIN public.events ev\r\nON ev.module_id=md.id\r\nINNER JOIN public.sessions ss\r\nON ev.id= ss.event_id\r\nINNER JOIN public.attendance ad\r\nON ad.session_id=ss.id\r\nWHERE ad.mark='attended'\r\nAND md.id='3'\r\nGROUP BY\r\nmd.name,\r\nsc.name\r\nORDER BY md.name"},"parameters":{},"parent":{"code":"42803","file":"parse_agg.c","length":168,"line":"1419","name":"error","position":"29","routine":"check_ungrouped_columns_walker","severity":"ERROR","sql":"SELECT\r\nsc.name,\r\nmd.name,\r\nmd.id,\r\nCOUNT (md.id) attended_count\r\nFROM  public.modules md\r\nINNER JOIN public.schools sc\r\nON md.school_id=sc.id\r\nINNER JOIN public.events ev\r\nON ev.module_id=md.id\r\nINNER JOIN public.sessions ss\r\nON ev.id= ss.event_id\r\nINNER JOIN public.attendance ad\r\nON ad.session_id=ss.id\r\nWHERE ad.mark='attended'\r\nAND md.id='3'\r\nGROUP BY\r\nmd.name,\r\nsc.name\r\nORDER BY md.name"},"sql":"SELECT\r\nsc.name,\r\nmd.name,\r\nmd.id,\r\nCOUNT (md.id) attended_count\r\nFROM  public.modules md\r\nINNER JOIN public.schools sc\r\nON md.school_id=sc.id\r\nINNER JOIN public.events ev\r\nON ev.module_id=md.id\r\nINNER JOIN public.sessions ss\r\nON ev.id= ss.event_id\r\nINNER JOIN public.attendance ad\r\nON ad.session_id=ss.id\r\nWHERE ad.mark='attended'\r\nAND md.id='3'\r\nGROUP BY\r\nmd.name,\r\nsc.name\r\nORDER BY md.name","timestamp":"2022-07-17T20:47:15.435Z"}
{"level":"info","message":"server is now listening on port 4000","timestamp":"2022-07-17T20:48:03.877Z"}
{"level":"info","message":"server is now listening on port 4000","timestamp":"2022-07-17T20:49:18.583Z"}
{"level":"error","name":"SequelizeDatabaseError","original":{"code":"42803","file":"parse_agg.c","length":167,"line":"1419","name":"error","position":"9","routine":"check_ungrouped_columns_walker","severity":"ERROR","sql":"SELECT\r\nsc.id school_id,\r\nsc.name,\r\n COUNT (sc.id) student_count\r\nFROM public.schools sc\r\nINNER JOIN public.school_users scu\r\nON sc.id=scu.school_id\r\nINNER JOIN public.users us\r\nON scu.user_id=us.id\r\nWHERE us.type='student'\r\nGROUP BY sc.name\r\nORDER BY \r\nsc.id,\r\nsc.name"},"parameters":{},"parent":{"code":"42803","file":"parse_agg.c","length":167,"line":"1419","name":"error","position":"9","routine":"check_ungrouped_columns_walker","severity":"ERROR","sql":"SELECT\r\nsc.id school_id,\r\nsc.name,\r\n COUNT (sc.id) student_count\r\nFROM public.schools sc\r\nINNER JOIN public.school_users scu\r\nON sc.id=scu.school_id\r\nINNER JOIN public.users us\r\nON scu.user_id=us.id\r\nWHERE us.type='student'\r\nGROUP BY sc.name\r\nORDER BY \r\nsc.id,\r\nsc.name"},"sql":"SELECT\r\nsc.id school_id,\r\nsc.name,\r\n COUNT (sc.id) student_count\r\nFROM public.schools sc\r\nINNER JOIN public.school_users scu\r\nON sc.id=scu.school_id\r\nINNER JOIN public.users us\r\nON scu.user_id=us.id\r\nWHERE us.type='student'\r\nGROUP BY sc.name\r\nORDER BY \r\nsc.id,\r\nsc.name","timestamp":"2022-07-17T21:04:59.390Z"}
{"level":"info","message":"server is now listening on port 4000","timestamp":"2022-07-17T21:05:48.096Z"}
{"level":"error","name":"SequelizeDatabaseError","original":{"code":"42601","file":"scan.l","length":91,"line":"1180","name":"error","position":"44","routine":"scanner_yyerror","severity":"ERROR","sql":"SELECT\r\nsc.id school_id,\r\nmd.id module_id\r\nsc.name,\r\nmd.name,\r\nCOUNT (md.id) attended_count\r\nFROM  public.modules md\r\nINNER JOIN public.schools sc\r\nON md.school_id=sc.id\r\nINNER JOIN public.events ev\r\nON ev.module_id=md.id\r\nINNER JOIN public.sessions ss\r\nON ev.id= ss.event_id\r\nINNER JOIN public.attendance ad\r\nON ad.session_id=ss.id\r\nWHERE ad.mark='attended'\r\nAND sc.id='2'\r\nGROUP BY\r\nsc.id,\r\nmd.id,\r\nmd.name,\r\nsc.name\r\nORDER BY md.name"},"parameters":{},"parent":{"code":"42601","file":"scan.l","length":91,"line":"1180","name":"error","position":"44","routine":"scanner_yyerror","severity":"ERROR","sql":"SELECT\r\nsc.id school_id,\r\nmd.id module_id\r\nsc.name,\r\nmd.name,\r\nCOUNT (md.id) attended_count\r\nFROM  public.modules md\r\nINNER JOIN public.schools sc\r\nON md.school_id=sc.id\r\nINNER JOIN public.events ev\r\nON ev.module_id=md.id\r\nINNER JOIN public.sessions ss\r\nON ev.id= ss.event_id\r\nINNER JOIN public.attendance ad\r\nON ad.session_id=ss.id\r\nWHERE ad.mark='attended'\r\nAND sc.id='2'\r\nGROUP BY\r\nsc.id,\r\nmd.id,\r\nmd.name,\r\nsc.name\r\nORDER BY md.name"},"sql":"SELECT\r\nsc.id school_id,\r\nmd.id module_id\r\nsc.name,\r\nmd.name,\r\nCOUNT (md.id) attended_count\r\nFROM  public.modules md\r\nINNER JOIN public.schools sc\r\nON md.school_id=sc.id\r\nINNER JOIN public.events ev\r\nON ev.module_id=md.id\r\nINNER JOIN public.sessions ss\r\nON ev.id= ss.event_id\r\nINNER JOIN public.attendance ad\r\nON ad.session_id=ss.id\r\nWHERE ad.mark='attended'\r\nAND sc.id='2'\r\nGROUP BY\r\nsc.id,\r\nmd.id,\r\nmd.name,\r\nsc.name\r\nORDER BY md.name","timestamp":"2022-07-17T21:12:09.997Z"}
{"level":"info","message":"server is now listening on port 4000","timestamp":"2022-07-17T21:12:39.832Z"}
{"level":"info","message":"server is now listening on port 4000","timestamp":"2022-07-17T21:50:24.836Z"}
{"level":"info","message":"server is now listening on port 4000","timestamp":"2022-07-17T21:50:59.486Z"}
{"level":"info","message":"server is now listening on port 4000","timestamp":"2022-07-17T22:00:06.650Z"}
{"level":"info","message":"server is now listening on port 4000","timestamp":"2022-07-17T22:00:15.063Z"}
{"level":"info","message":"server is now listening on port 4000","timestamp":"2022-07-17T22:01:00.814Z"}
{"level":"info","message":"server is now listening on port 4000","timestamp":"2022-07-17T22:02:13.059Z"}
{"level":"info","message":"server is now listening on port 4000","timestamp":"2022-07-17T22:02:52.100Z"}
